<?xml version="1.0" encoding="UTF-8"?>
<!-- Generated by org.testng.reporters.JUnitReportReporter -->
<testsuite hostname="LAPTOP-S9JVNPGK" failures="0" tests="1" name="DemoQA.CancelAlert" time="10.433" errors="0" timestamp="2023-03-03T10:35:54 IST" skipped="0">
  <testcase classname="DemoQA.CancelAlert" name="cancelAlert" time="10.433"/>
  <system-out/>
</testsuite> <!-- DemoQA.CancelAlert -->
