<?xml version="1.0" encoding="UTF-8"?>
<!-- Generated by org.testng.reporters.JUnitReportReporter -->
<testsuite hostname="LAPTOP-S9JVNPGK" failures="0" tests="1" name="DemoQA.TimerAlert" time="20.710" errors="0" timestamp="2023-03-03T10:35:53 IST" skipped="0">
  <testcase classname="DemoQA.TimerAlert" name="timerAlerts" time="20.710"/>
  <system-out/>
</testsuite> <!-- DemoQA.TimerAlert -->
