<?xml version="1.0" encoding="UTF-8"?>
<!-- Generated by org.testng.reporters.JUnitReportReporter -->
<testsuite hostname="LAPTOP-S9JVNPGK" failures="0" tests="1" name="DemoQA.Tag" time="10.787" errors="0" timestamp="2023-03-03T10:35:53 IST" skipped="0">
  <testcase classname="DemoQA.Tag" name="tag" time="10.787"/>
  <system-out/>
</testsuite> <!-- DemoQA.Tag -->
