<?xml version="1.0" encoding="UTF-8"?>
<!-- Generated by org.testng.reporters.JUnitReportReporter -->
<testsuite hostname="LAPTOP-S9JVNPGK" failures="0" tests="1" name="DemoQA.Demo" time="10.438" errors="0" timestamp="2023-03-03T10:35:53 IST" skipped="0">
  <testcase classname="DemoQA.Demo" name="demo" time="10.438"/>
  <system-out/>
</testsuite> <!-- DemoQA.Demo -->
