<?xml version="1.0" encoding="UTF-8"?>
<!-- Generated by org.testng.reporters.JUnitReportReporter -->
<testsuite hostname="LAPTOP-S9JVNPGK" failures="0" tests="1" name="DemoQA.OldSelectOne" time="11.660" errors="0" timestamp="2023-03-03T10:35:54 IST" skipped="0">
  <testcase classname="DemoQA.OldSelectOne" name="oldSelectOne" time="11.660"/>
  <system-out/>
</testsuite> <!-- DemoQA.OldSelectOne -->
