<?xml version="1.0" encoding="UTF-8"?>
<!-- Generated by org.testng.reporters.JUnitReportReporter -->
<testsuite hostname="LAPTOP-S9JVNPGK" failures="0" tests="1" name="DemoQA.NewWindowMessage" time="8.142" errors="0" timestamp="2023-03-03T10:35:54 IST" skipped="0">
  <testcase classname="DemoQA.NewWindowMessage" name="newWindowMessage" time="8.142"/>
  <system-out/>
</testsuite> <!-- DemoQA.NewWindowMessage -->
