<?xml version="1.0" encoding="UTF-8"?>
<!-- Generated by org.testng.reporters.JUnitReportReporter -->
<testsuite hostname="LAPTOP-S9JVNPGK" failures="0" tests="1" name="DemoQA.NewTab" time="10.646" errors="0" timestamp="2023-03-03T10:35:53 IST" skipped="0">
  <testcase classname="DemoQA.NewTab" name="newTab" time="10.646"/>
  <system-out/>
</testsuite> <!-- DemoQA.NewTab -->
